Command line invocation:
    /Applications/Xcode.app/Contents/Developer/usr/bin/xcodebuild -workspace NamalWoocommerce.xcworkspace -scheme NamalWoocommerce -configuration Debug -destination "platform=iOS Simulator,name=iPhone 16" clean build

2026-01-31 15:15:14.121 xcodebuild[7908:493108] Writing error result bundle to /var/folders/2t/gbdm8_012m94rgf1jlsdv8kc0000gn/T/ResultBundle_2026-31-01_15-15-0014.xcresult
xcodebuild: error: Unable to find a device matching the provided destination specifier:
		{ platform:iOS Simulator, OS:latest, name:iPhone 16 }

	The requested device could not be found because no available devices matched the request.

	Available destinations for the "NamalWoocommerce" scheme:
		{ platform:macOS, arch:arm64, variant:Designed for [iPad,iPhone], id:00008112-001445C221C1401E, name:My Mac }
		{ platform:iOS, id:dvtdevice-DVTiPhonePlaceholder-iphoneos:placeholder, name:Any iOS Device }
		{ platform:iOS Simulator, id:dvtdevice-DVTiOSDeviceSimulatorPlaceholder-iphonesimulator:placeholder, name:Any iOS Simulator Device }
		{ platform:iOS Simulator, arch:arm64, id:6E9D3281-910F-4FDD-956D-8DCDFECC0C42, OS:16.0, name:iPad (9th generation) }
		{ platform:iOS Simulator, arch:x86_64, id:6E9D3281-910F-4FDD-956D-8DCDFECC0C42, OS:16.0, name:iPad (9th generation) }
		{ platform:iOS Simulator, arch:arm64, id:86E08309-4FC3-4A3A-A818-8EFF9FB022A0, OS:18.3.1, name:iPad (10th generation) }
		{ platform:iOS Simulator, arch:x86_64, id:86E08309-4FC3-4A3A-A818-8EFF9FB022A0, OS:18.3.1, name:iPad (10th generation) }
		{ platform:iOS Simulator, arch:arm64, id:41C685FF-5F07-4F1F-B004-789987D9EF22, OS:18.3.1, name:iPad (A16) }
		{ platform:iOS Simulator, arch:x86_64, id:41C685FF-5F07-4F1F-B004-789987D9EF22, OS:18.3.1, name:iPad (A16) }
		{ platform:iOS Simulator, arch:arm64, id:432A5E4A-029C-4081-AD55-E97C73024AEC, OS:26.2, name:iPad (A16) }
		{ platform:iOS Simulator, arch:arm64, id:B7D2B90A-89CD-4E64-95B8-47A952E42522, OS:16.0, name:iPad Air (5th generation) }
		{ platform:iOS Simulator, arch:x86_64, id:B7D2B90A-89CD-4E64-95B8-47A952E42522, OS:16.0, name:iPad Air (5th generation) }
		{ platform:iOS Simulator, arch:arm64, id:133E57AB-D91C-4CE1-946D-0E51DC36248B, OS:18.3.1, name:iPad Air 11-inch (M2) }
		{ platform:iOS Simulator, arch:x86_64, id:133E57AB-D91C-4CE1-946D-0E51DC36248B, OS:18.3.1, name:iPad Air 11-inch (M2) }
		{ platform:iOS Simulator, arch:arm64, id:BD1BF3CA-B297-4FC4-A790-AE2EFA5124D5, OS:18.3.1, name:iPad Air 11-inch (M3) }
		{ platform:iOS Simulator, arch:x86_64, id:BD1BF3CA-B297-4FC4-A790-AE2EFA5124D5, OS:18.3.1, name:iPad Air 11-inch (M3) }
		{ platform:iOS Simulator, arch:arm64, id:910F184C-85FA-411C-B2B0-B2A92088D154, OS:26.2, name:iPad Air 11-inch (M3) }
		{ platform:iOS Simulator, arch:arm64, id:CAE10F18-1DE8-48DB-9CB5-F3F807577E61, OS:18.3.1, name:iPad Air 13-inch (M2) }
		{ platform:iOS Simulator, arch:x86_64, id:CAE10F18-1DE8-48DB-9CB5-F3F807577E61, OS:18.3.1, name:iPad Air 13-inch (M2) }
		{ platform:iOS Simulator, arch:arm64, id:763756EA-A73C-41E5-A934-36F6201712CB, OS:18.3.1, name:iPad Air 13-inch (M3) }
		{ platform:iOS Simulator, arch:x86_64, id:763756EA-A73C-41E5-A934-36F6201712CB, OS:18.3.1, name:iPad Air 13-inch (M3) }
		{ platform:iOS Simulator, arch:arm64, id:B14154F4-6A0F-4FC7-83B4-9EE50CA489D1, OS:26.2, name:iPad Air 13-inch (M3) }
		{ platform:iOS Simulator, arch:arm64, id:A0CD03DB-A0D0-474A-9947-1EAA95F7717D, OS:16.0, name:iPad Pro (11-inch) (3rd generation) }
		{ platform:iOS Simulator, arch:x86_64, id:A0CD03DB-A0D0-474A-9947-1EAA95F7717D, OS:16.0, name:iPad Pro (11-inch) (3rd generation) }
		{ platform:iOS Simulator, arch:arm64, id:91F075AF-4C09-4ECD-AEB9-C4F5FBC0A9FC, OS:16.0, name:iPad Pro (12.9-inch) (5th generation) }
		{ platform:iOS Simulator, arch:x86_64, id:91F075AF-4C09-4ECD-AEB9-C4F5FBC0A9FC, OS:16.0, name:iPad Pro (12.9-inch) (5th generation) }
		{ platform:iOS Simulator, arch:arm64, id:CEDFF094-A241-4C31-87C7-A05C108DF6EA, OS:18.3.1, name:iPad Pro 11-inch (M4) }
		{ platform:iOS Simulator, arch:x86_64, id:CEDFF094-A241-4C31-87C7-A05C108DF6EA, OS:18.3.1, name:iPad Pro 11-inch (M4) }
		{ platform:iOS Simulator, arch:arm64, id:16878688-3D64-407F-9390-A2927339A2BF, OS:26.2, name:iPad Pro 11-inch (M5) }
		{ platform:iOS Simulator, arch:arm64, id:4CD94B93-B388-4B5C-B58F-B0A1575080B2, OS:18.3.1, name:iPad Pro 13-inch (M4) }
		{ platform:iOS Simulator, arch:x86_64, id:4CD94B93-B388-4B5C-B58F-B0A1575080B2, OS:18.3.1, name:iPad Pro 13-inch (M4) }
		{ platform:iOS Simulator, arch:arm64, id:3FB7E8E9-9173-4EB3-8044-51FDC4D27579, OS:26.2, name:iPad Pro 13-inch (M5) }
		{ platform:iOS Simulator, arch:arm64, id:AE022679-CE13-422D-AFEA-6A56D046B0FD, OS:16.0, name:iPad mini (6th generation) }
		{ platform:iOS Simulator, arch:x86_64, id:AE022679-CE13-422D-AFEA-6A56D046B0FD, OS:16.0, name:iPad mini (6th generation) }
		{ platform:iOS Simulator, arch:arm64, id:9ED83DD4-BEA3-406B-86ED-C6066E9A9409, OS:18.3.1, name:iPad mini (A17 Pro) }
		{ platform:iOS Simulator, arch:x86_64, id:9ED83DD4-BEA3-406B-86ED-C6066E9A9409, OS:18.3.1, name:iPad mini (A17 Pro) }
		{ platform:iOS Simulator, arch:arm64, id:87153155-BE8A-4EBC-9642-1D6720CC392D, OS:26.2, name:iPad mini (A17 Pro) }
		{ platform:iOS Simulator, arch:arm64, id:D8E92F43-7AA5-48F7-86AC-84114156AE35, OS:16.0, name:iPhone 14 }
		{ platform:iOS Simulator, arch:x86_64, id:D8E92F43-7AA5-48F7-86AC-84114156AE35, OS:16.0, name:iPhone 14 }
		{ platform:iOS Simulator, arch:arm64, id:A3013B17-5F1B-4A5C-9208-050F2BEC565E, OS:16.0, name:iPhone 14 Plus }
		{ platform:iOS Simulator, arch:x86_64, id:A3013B17-5F1B-4A5C-9208-050F2BEC565E, OS:16.0, name:iPhone 14 Plus }
		{ platform:iOS Simulator, arch:arm64, id:DB6C433E-D9E9-4C3C-8E94-FCCE9A1D32CD, OS:16.0, name:iPhone 14 Pro }
		{ platform:iOS Simulator, arch:x86_64, id:DB6C433E-D9E9-4C3C-8E94-FCCE9A1D32CD, OS:16.0, name:iPhone 14 Pro }
		{ platform:iOS Simulator, arch:arm64, id:F9015E65-7196-4F2B-BEBB-0EF11CCAC8B5, OS:16.0, name:iPhone 14 Pro Max }
		{ platform:iOS Simulator, arch:x86_64, id:F9015E65-7196-4F2B-BEBB-0EF11CCAC8B5, OS:16.0, name:iPhone 14 Pro Max }
		{ platform:iOS Simulator, arch:arm64, id:72284E0C-8139-4B22-A8C6-CD632FFB89ED, OS:18.3.1, name:iPhone 15 }
		{ platform:iOS Simulator, arch:x86_64, id:72284E0C-8139-4B22-A8C6-CD632FFB89ED, OS:18.3.1, name:iPhone 15 }
		{ platform:iOS Simulator, arch:arm64, id:D435FC9D-043E-46AA-8BF5-F9293F89C56D, OS:18.3.1, name:iPhone 16 }
		{ platform:iOS Simulator, arch:x86_64, id:D435FC9D-043E-46AA-8BF5-F9293F89C56D, OS:18.3.1, name:iPhone 16 }
		{ platform:iOS Simulator, arch:arm64, id:51599613-A959-44EF-A7D9-C1CD615672BF, OS:18.3.1, name:iPhone 16 Plus }
		{ platform:iOS Simulator, arch:x86_64, id:51599613-A959-44EF-A7D9-C1CD615672BF, OS:18.3.1, name:iPhone 16 Plus }
		{ platform:iOS Simulator, arch:arm64, id:25305181-7569-4547-ACE9-D4E9EE5FDF8F, OS:18.3.1, name:iPhone 16 Pro }
		{ platform:iOS Simulator, arch:x86_64, id:25305181-7569-4547-ACE9-D4E9EE5FDF8F, OS:18.3.1, name:iPhone 16 Pro }
		{ platform:iOS Simulator, arch:arm64, id:BF321D6E-E70C-4AF1-BE68-85019822B018, OS:18.3.1, name:iPhone 16 Pro }
		{ platform:iOS Simulator, arch:x86_64, id:BF321D6E-E70C-4AF1-BE68-85019822B018, OS:18.3.1, name:iPhone 16 Pro }
		{ platform:iOS Simulator, arch:arm64, id:7F75817A-4230-4803-8403-4B399938A0C8, OS:18.3.1, name:iPhone 16 Pro Max }
		{ platform:iOS Simulator, arch:x86_64, id:7F75817A-4230-4803-8403-4B399938A0C8, OS:18.3.1, name:iPhone 16 Pro Max }
		{ platform:iOS Simulator, arch:arm64, id:FDE3C622-BBE2-4843-AF3B-224BED2E6264, OS:18.3.1, name:iPhone 16e }
		{ platform:iOS Simulator, arch:x86_64, id:FDE3C622-BBE2-4843-AF3B-224BED2E6264, OS:18.3.1, name:iPhone 16e }
		{ platform:iOS Simulator, arch:arm64, id:54C3D908-0493-47C0-9C1F-2E8DDEC09A4B, OS:26.2, name:iPhone 16e }
		{ platform:iOS Simulator, arch:arm64, id:B078B0C3-928B-4E59-8030-47415AF0F8B8, OS:26.2, name:iPhone 17 }
		{ platform:iOS Simulator, arch:arm64, id:93819AF3-AA66-4F89-824B-662923BF77F2, OS:26.2, name:iPhone 17 Pro }
		{ platform:iOS Simulator, arch:arm64, id:F575A56D-DCED-4D51-B451-4B27CB48D7C0, OS:26.2, name:iPhone 17 Pro Max }
		{ platform:iOS Simulator, arch:arm64, id:675A91EA-37A6-4A45-B7A5-862848B3DF0E, OS:26.2, name:iPhone Air }
		{ platform:iOS Simulator, arch:arm64, id:D982653E-53E6-41E6-9327-AB62817DD8D7, OS:16.0, name:iPhone SE (3rd generation) }
		{ platform:iOS Simulator, arch:x86_64, id:D982653E-53E6-41E6-9327-AB62817DD8D7, OS:16.0, name:iPhone SE (3rd generation) }
		{ platform:iOS Simulator, arch:arm64, id:C04375B1-F0C3-4DEC-91F5-7FC5335D36BC, OS:18.3.1, name:iPhone SE (3rd generation) }
		{ platform:iOS Simulator, arch:x86_64, id:C04375B1-F0C3-4DEC-91F5-7FC5335D36BC, OS:18.3.1, name:iPhone SE (3rd generation) }
